========================================================================
Job started at: Wed Dec  3 17:48:11 IST 2025
Job ID: 127593
Node: gpunode6
========================================================================

Setting up environment...
----------------------------------------
Activating conda environment...

Environment check:
----------------------------------------
Python 3.8.8
PyTorch version: 2.4.1+cu121
CUDA available: True
GPU name: NVIDIA H100 80GB HBM3
GPU memory: 81559 MiB

Checking required files...
----------------------------------------
-rw-rw-r--. 1 dipanjan dipanjan 72K Dec  3 00:11 daic_metadata.csv
-rw-rw-r--. 1 dipanjan dipanjan 190K Dec  3 00:14 acoustic_features.csv
-rw-rw-r--. 1 dipanjan dipanjan 102K Dec  3 00:15 visual_features.csv
-rw-rw-r--. 1 dipanjan dipanjan 9.5K Dec  3 17:43 genai_extraction.py

========================================================================
Starting GenAI feature extraction...
========================================================================

python: can't open file 'genai_extraction_llama3.py': [Errno 2] No such file or directory

========================================================================
Job completed at: Wed Dec  3 17:48:44 IST 2025
Exit code: 0
========================================================================

✗ ERROR: Output file not generated!
Check error log: logs/genai_extraction_127593.err

⚠️  Errors encountered: 5
First 10 errors:
[2025-12-03 13:35:55] Participant 343: JSON parse failed. Raw: "cognitive_negativity": 0,
"emotional_flatness": 0,
"low_engagement": 0,
"psychomotor_slowing": 0,
"...

Final GPU status:
Wed Dec  3 17:48:44 2025       
+-----------------------------------------------------------------------------------------+
| NVIDIA-SMI 570.124.06             Driver Version: 570.124.06     CUDA Version: 12.8     |
|-----------------------------------------+------------------------+----------------------+
| GPU  Name                 Persistence-M | Bus-Id          Disp.A | Volatile Uncorr. ECC |
| Fan  Temp   Perf          Pwr:Usage/Cap |           Memory-Usage | GPU-Util  Compute M. |
|                                         |                        |               MIG M. |
|=========================================+========================+======================|
|   0  NVIDIA H100 80GB HBM3          Off |   00000000:04:00.0 Off |                    0 |
| N/A   43C    P0             71W /  700W |       1MiB /  81559MiB |      0%      Default |
|                                         |                        |             Disabled |
+-----------------------------------------+------------------------+----------------------+
                                                                                         
+-----------------------------------------------------------------------------------------+
| Processes:                                                                              |
|  GPU   GI   CI              PID   Type   Process name                        GPU Memory |
|        ID   ID                                                               Usage      |
|=========================================================================================|
|  No running processes found                                                             |
+-----------------------------------------------------------------------------------------+
